<?xml version="1.0" encoding="UTF-8"?>
<testng-results skipped="0" failed="0" total="1" passed="1">
  <reporter-output>
  </reporter-output>
  <suite name="SistemaCuerpoAcademico" duration-ms="2489" started-at="2021-04-15T02:53:42Z" finished-at="2021-04-15T02:53:44Z">
    <groups>
    </groups>
    <test name="businessLogic.MeetingDAOTest" duration-ms="2489" started-at="2021-04-15T02:53:42Z" finished-at="2021-04-15T02:53:44Z">
      <class name="businessLogic.MeetingDAOTest">
        <test-method status="PASS" signature="testSave()[pri:0, instance:testSave(businessLogic.MeetingDAOTest)]" name="testSave" duration-ms="2234" started-at="2021-04-14T21:53:42Z" finished-at="2021-04-14T21:53:44Z">
          <reporter-output>
          </reporter-output>
        </test-method> <!-- testSave -->
      </class> <!-- businessLogic.MeetingDAOTest -->
    </test> <!-- businessLogic.MeetingDAOTest -->
  </suite> <!-- SistemaCuerpoAcademico -->
</testng-results>
