<?xml version="1.0" encoding="UTF-8"?>
<testng-results skipped="0" failed="1" total="2" passed="1">
  <reporter-output>
  </reporter-output>
  <suite name="SistemaCuerpoAcademico" duration-ms="3029" started-at="2021-04-15T04:35:53Z" finished-at="2021-04-15T04:35:56Z">
    <groups>
    </groups>
    <test name="businessLogic.TopicDAOTest" duration-ms="3029" started-at="2021-04-15T04:35:53Z" finished-at="2021-04-15T04:35:56Z">
      <class name="businessLogic.TopicDAOTest">
        <test-method status="FAIL" signature="testSave()[pri:0, instance:testSave(businessLogic.TopicDAOTest)]" name="testSave" duration-ms="2205" started-at="2021-04-14T23:35:54Z" finished-at="2021-04-14T23:35:56Z">
          <exception class="log.BusinessException">
            <message>
              <![CDATA[Parameter index ]]>
            </message>
            <full-stacktrace>
              <![CDATA[log.BusinessException: Parameter index 
	at businessLogic.TopicDAO.save(TopicDAO.java:43)
	at businessLogic.TopicDAOTest.testSave(TopicDAOTest.java:17)
	at sun.reflect.NativeMethodAccessorImpl.invoke0(Native Method)
	at sun.reflect.NativeMethodAccessorImpl.invoke(NativeMethodAccessorImpl.java:62)
	at sun.reflect.DelegatingMethodAccessorImpl.invoke(DelegatingMethodAccessorImpl.java:43)
	at java.lang.reflect.Method.invoke(Method.java:498)
	at org.junit.runners.model.FrameworkMethod$1.runReflectiveCall(FrameworkMethod.java:50)
	at org.junit.internal.runners.model.ReflectiveCallable.run(ReflectiveCallable.java:12)
	at org.junit.runners.model.FrameworkMethod.invokeExplosively(FrameworkMethod.java:47)
	at org.junit.internal.runners.statements.InvokeMethod.evaluate(InvokeMethod.java:17)
	at org.junit.runners.ParentRunner.runLeaf(ParentRunner.java:325)
	at org.junit.runners.BlockJUnit4ClassRunner.runChild(BlockJUnit4ClassRunner.java:78)
	at org.junit.runners.BlockJUnit4ClassRunner.runChild(BlockJUnit4ClassRunner.java:57)
	at org.junit.runners.ParentRunner$3.run(ParentRunner.java:290)
	at org.junit.runners.ParentRunner$1.schedule(ParentRunner.java:71)
	at org.junit.runners.ParentRunner.runChildren(ParentRunner.java:288)
	at org.junit.runners.ParentRunner.access$000(ParentRunner.java:58)
	at org.junit.runners.ParentRunner$2.evaluate(ParentRunner.java:268)
	at org.junit.runners.ParentRunner.run(ParentRunner.java:363)
	at org.junit.runner.JUnitCore.run(JUnitCore.java:137)
	at org.junit.runner.JUnitCore.run(JUnitCore.java:115)
	at org.testng.junit.JUnit4TestRunner.start(JUnit4TestRunner.java:81)
	at org.testng.junit.JUnit4TestRunner.run(JUnit4TestRunner.java:69)
	at org.testng.TestRunner$1.run(TestRunner.java:682)
	at org.testng.TestRunner.runWorkers(TestRunner.java:1005)
	at org.testng.TestRunner.privateRunJUnit(TestRunner.java:713)
	at org.testng.TestRunner.run(TestRunner.java:614)
	at org.testng.SuiteRunner.runTest(SuiteRunner.java:334)
	at org.testng.SuiteRunner.runSequentially(SuiteRunner.java:329)
	at org.testng.SuiteRunner.privateRun(SuiteRunner.java:291)
	at org.testng.SuiteRunner.run(SuiteRunner.java:240)
	at org.testng.SuiteRunnerWorker.runSuite(SuiteRunnerWorker.java:52)
	at org.testng.SuiteRunnerWorker.run(SuiteRunnerWorker.java:86)
	at org.testng.TestNG.runSuitesSequentially(TestNG.java:1224)
	at org.testng.TestNG.runSuitesLocally(TestNG.java:1149)
	at org.testng.TestNG.run(TestNG.java:1057)
	at org.testng.TestNG.privateMain(TestNG.java:1364)
	at org.testng.TestNG.main(TestNG.java:1333)
]]>
            </full-stacktrace>
          </exception> <!-- log.BusinessException -->
          <reporter-output>
          </reporter-output>
        </test-method> <!-- testSave -->
        <test-method status="PASS" signature="testGetAgendaTopics()[pri:0, instance:testGetAgendaTopics(businessLogic.TopicDAOTest)]" name="testGetAgendaTopics" duration-ms="245" started-at="2021-04-14T23:35:56Z" finished-at="2021-04-14T23:35:56Z">
          <reporter-output>
          </reporter-output>
        </test-method> <!-- testGetAgendaTopics -->
      </class> <!-- businessLogic.TopicDAOTest -->
    </test> <!-- businessLogic.TopicDAOTest -->
  </suite> <!-- SistemaCuerpoAcademico -->
</testng-results>
