<?xml version="1.0" encoding="UTF-8"?>
<testng-results skipped="0" failed="0" total="1" passed="1">
  <reporter-output>
  </reporter-output>
  <suite name="SistemaCuerpoAcademico" duration-ms="1328" started-at="2021-04-23T18:03:37Z" finished-at="2021-04-23T18:03:38Z">
    <groups>
    </groups>
    <test name="businessLogic.MeetingDAOTest" duration-ms="1328" started-at="2021-04-23T18:03:37Z" finished-at="2021-04-23T18:03:38Z">
      <class name="businessLogic.MeetingDAOTest">
        <test-method status="PASS" signature="testChangeState()[pri:0, instance:testChangeState(businessLogic.MeetingDAOTest)]" name="testChangeState" duration-ms="1154" started-at="2021-04-23T13:03:37Z" finished-at="2021-04-23T13:03:38Z">
          <reporter-output>
          </reporter-output>
        </test-method> <!-- testChangeState -->
      </class> <!-- businessLogic.MeetingDAOTest -->
    </test> <!-- businessLogic.MeetingDAOTest -->
  </suite> <!-- SistemaCuerpoAcademico -->
</testng-results>
