<?xml version="1.0" encoding="UTF-8"?>
<testng-results skipped="0" failed="0" total="1" passed="1">
  <reporter-output>
  </reporter-output>
  <suite name="SistemaCuerpoAcademico" duration-ms="922" started-at="2021-06-16T07:05:03Z" finished-at="2021-06-16T07:05:04Z">
    <groups>
    </groups>
    <test name="businessLogic.MinuteDAOTest" duration-ms="922" started-at="2021-06-16T07:05:03Z" finished-at="2021-06-16T07:05:04Z">
      <class name="businessLogic.MinuteDAOTest">
        <test-method status="PASS" signature="testDeleteComment()[pri:0, instance:testDeleteComment(businessLogic.MinuteDAOTest)]" name="testDeleteComment" duration-ms="784" started-at="2021-06-16T02:05:03Z" finished-at="2021-06-16T02:05:04Z">
          <reporter-output>
          </reporter-output>
        </test-method> <!-- testDeleteComment -->
      </class> <!-- businessLogic.MinuteDAOTest -->
    </test> <!-- businessLogic.MinuteDAOTest -->
  </suite> <!-- SistemaCuerpoAcademico -->
</testng-results>
