<?xml version="1.0" encoding="UTF-8"?>
<testng-results skipped="0" failed="0" total="1" passed="1">
  <reporter-output>
  </reporter-output>
  <suite name="SistemaCuerpoAcademico" duration-ms="1020" started-at="2021-04-21T17:34:29Z" finished-at="2021-04-21T17:34:30Z">
    <groups>
    </groups>
    <test name="businessLogic.ProjectDaoTest" duration-ms="1020" started-at="2021-04-21T17:34:29Z" finished-at="2021-04-21T17:34:30Z">
      <class name="businessLogic.ProjectDaoTest">
        <test-method status="PASS" signature="testUpdate()[pri:0, instance:testUpdate(businessLogic.ProjectDaoTest)]" name="testUpdate" duration-ms="790" started-at="2021-04-21T12:34:30Z" finished-at="2021-04-21T12:34:30Z">
          <reporter-output>
          </reporter-output>
        </test-method> <!-- testUpdate -->
      </class> <!-- businessLogic.ProjectDaoTest -->
    </test> <!-- businessLogic.ProjectDaoTest -->
  </suite> <!-- SistemaCuerpoAcademico -->
</testng-results>
