<?xml version="1.0" encoding="UTF-8"?>
<testng-results skipped="0" failed="0" total="1" passed="1">
  <reporter-output>
  </reporter-output>
  <suite name="SistemaCuerpoAcademico" duration-ms="1523" started-at="2021-04-30T17:20:46Z" finished-at="2021-04-30T17:20:47Z">
    <groups>
    </groups>
    <test name="businessLogic.MemberDAOTest" duration-ms="1523" started-at="2021-04-30T17:20:46Z" finished-at="2021-04-30T17:20:47Z">
      <class name="businessLogic.MemberDAOTest">
        <test-method status="PASS" signature="testActivateMember()[pri:0, instance:testActivateMember(businessLogic.MemberDAOTest)]" name="testActivateMember" duration-ms="1297" started-at="2021-04-30T12:20:46Z" finished-at="2021-04-30T12:20:47Z">
          <reporter-output>
          </reporter-output>
        </test-method> <!-- testActivateMember -->
      </class> <!-- businessLogic.MemberDAOTest -->
    </test> <!-- businessLogic.MemberDAOTest -->
  </suite> <!-- SistemaCuerpoAcademico -->
</testng-results>
