<?xml version="1.0" encoding="UTF-8"?>
<testng-results skipped="0" failed="0" total="1" passed="1">
  <reporter-output>
  </reporter-output>
  <suite name="SistemaCuerpoAcademico" duration-ms="1611" started-at="2021-04-29T16:12:51Z" finished-at="2021-04-29T16:12:52Z">
    <groups>
    </groups>
    <test name="businessLogic.PreliminarProjectDAOTest" duration-ms="1611" started-at="2021-04-29T16:12:51Z" finished-at="2021-04-29T16:12:52Z">
      <class name="businessLogic.PreliminarProjectDAOTest">
        <test-method status="PASS" signature="testGetColaborators()[pri:0, instance:testGetColaborators(businessLogic.PreliminarProjectDAOTest)]" name="testGetColaborators" duration-ms="1415" started-at="2021-04-29T11:12:51Z" finished-at="2021-04-29T11:12:52Z">
          <reporter-output>
          </reporter-output>
        </test-method> <!-- testGetColaborators -->
      </class> <!-- businessLogic.PreliminarProjectDAOTest -->
    </test> <!-- businessLogic.PreliminarProjectDAOTest -->
  </suite> <!-- SistemaCuerpoAcademico -->
</testng-results>
