<?xml version="1.0" encoding="UTF-8"?>
<testng-results skipped="0" failed="0" total="0" passed="0">
  <reporter-output>
  </reporter-output>
  <suite name="SistemaCuerpoAcademico" duration-ms="38" started-at="2021-04-09T23:47:44Z" finished-at="2021-04-09T23:47:44Z">
    <groups>
    </groups>
    <test name="TestNG tests" duration-ms="38" started-at="2021-04-09T23:47:44Z" finished-at="2021-04-09T23:47:44Z">
    </test> <!-- TestNG tests -->
  </suite> <!-- SistemaCuerpoAcademico -->
</testng-results>
