<?xml version="1.0" encoding="UTF-8"?>
<testng-results skipped="0" failed="0" total="1" passed="1">
  <reporter-output>
  </reporter-output>
  <suite name="SistemaCuerpoAcademico" duration-ms="2430" started-at="2021-04-27T16:17:31Z" finished-at="2021-04-27T16:17:34Z">
    <groups>
    </groups>
    <test name="businessLogic.PreliminarProjectDAOTest" duration-ms="2430" started-at="2021-04-27T16:17:31Z" finished-at="2021-04-27T16:17:34Z">
      <class name="businessLogic.PreliminarProjectDAOTest">
        <test-method status="PASS" signature="testAddColaborator()[pri:0, instance:testAddColaborator(businessLogic.PreliminarProjectDAOTest)]" name="testAddColaborator" duration-ms="2205" started-at="2021-04-27T11:17:31Z" finished-at="2021-04-27T11:17:34Z">
          <reporter-output>
          </reporter-output>
        </test-method> <!-- testAddColaborator -->
      </class> <!-- businessLogic.PreliminarProjectDAOTest -->
    </test> <!-- businessLogic.PreliminarProjectDAOTest -->
  </suite> <!-- SistemaCuerpoAcademico -->
</testng-results>
