<?xml version="1.0" encoding="UTF-8"?>
<testng-results skipped="0" failed="0" total="1" passed="1">
  <reporter-output>
  </reporter-output>
  <suite name="SistemaCuerpoAcademico" duration-ms="1361" started-at="2021-04-21T18:27:01Z" finished-at="2021-04-21T18:27:02Z">
    <groups>
    </groups>
    <test name="businessLogic.AgreementDAOTest" duration-ms="1361" started-at="2021-04-21T18:27:01Z" finished-at="2021-04-21T18:27:02Z">
      <class name="businessLogic.AgreementDAOTest">
        <test-method status="PASS" signature="testDelete()[pri:0, instance:testDelete(businessLogic.AgreementDAOTest)]" name="testDelete" duration-ms="1151" started-at="2021-04-21T13:27:01Z" finished-at="2021-04-21T13:27:02Z">
          <reporter-output>
          </reporter-output>
        </test-method> <!-- testDelete -->
      </class> <!-- businessLogic.AgreementDAOTest -->
    </test> <!-- businessLogic.AgreementDAOTest -->
  </suite> <!-- SistemaCuerpoAcademico -->
</testng-results>
