<?xml version="1.0" encoding="UTF-8"?>
<testng-results skipped="0" failed="0" total="1" passed="1">
  <reporter-output>
  </reporter-output>
  <suite name="SistemaCuerpoAcademico" duration-ms="930" started-at="2021-06-17T23:29:54Z" finished-at="2021-06-17T23:29:55Z">
    <groups>
    </groups>
    <test name="GUI.ValidationTest" duration-ms="930" started-at="2021-06-17T23:29:54Z" finished-at="2021-06-17T23:29:55Z">
      <class name="GUI.ValidationTest">
        <test-method status="PASS" signature="testValidateCorrectHour()[pri:0, instance:testValidateCorrectHour(GUI.ValidationTest)]" name="testValidateCorrectHour" duration-ms="90" started-at="2021-06-17T18:29:55Z" finished-at="2021-06-17T18:29:55Z">
          <reporter-output>
          </reporter-output>
        </test-method> <!-- testValidateCorrectHour -->
      </class> <!-- GUI.ValidationTest -->
    </test> <!-- GUI.ValidationTest -->
  </suite> <!-- SistemaCuerpoAcademico -->
</testng-results>
