<?xml version="1.0" encoding="UTF-8"?>
<testng-results skipped="0" failed="0" total="1" passed="1">
  <reporter-output>
  </reporter-output>
  <suite name="SistemaCuerpoAcademico" duration-ms="1389" started-at="2021-04-30T15:52:31Z" finished-at="2021-04-30T15:52:33Z">
    <groups>
    </groups>
    <test name="businessLogic.ProjectDaoTest" duration-ms="1389" started-at="2021-04-30T15:52:31Z" finished-at="2021-04-30T15:52:33Z">
      <class name="businessLogic.ProjectDaoTest">
        <test-method status="PASS" signature="testGetReceptionWork()[pri:0, instance:testGetReceptionWork(businessLogic.ProjectDaoTest)]" name="testGetReceptionWork" duration-ms="1180" started-at="2021-04-30T10:52:32Z" finished-at="2021-04-30T10:52:33Z">
          <reporter-output>
          </reporter-output>
        </test-method> <!-- testGetReceptionWork -->
      </class> <!-- businessLogic.ProjectDaoTest -->
    </test> <!-- businessLogic.ProjectDaoTest -->
  </suite> <!-- SistemaCuerpoAcademico -->
</testng-results>
