<?xml version="1.0" encoding="UTF-8"?>
<testng-results skipped="0" failed="0" total="1" passed="1">
  <reporter-output>
  </reporter-output>
  <suite name="SistemaCuerpoAcademico" duration-ms="1180" started-at="2021-04-26T14:43:37Z" finished-at="2021-04-26T14:43:38Z">
    <groups>
    </groups>
    <test name="businessLogic.StudentDAOTest" duration-ms="1180" started-at="2021-04-26T14:43:37Z" finished-at="2021-04-26T14:43:38Z">
      <class name="businessLogic.StudentDAOTest">
        <test-method status="PASS" signature="testGetByEnrollmentFailed()[pri:0, instance:testGetByEnrollmentFailed(businessLogic.StudentDAOTest)]" name="testGetByEnrollmentFailed" duration-ms="960" started-at="2021-04-26T09:43:37Z" finished-at="2021-04-26T09:43:38Z">
          <reporter-output>
          </reporter-output>
        </test-method> <!-- testGetByEnrollmentFailed -->
      </class> <!-- businessLogic.StudentDAOTest -->
    </test> <!-- businessLogic.StudentDAOTest -->
  </suite> <!-- SistemaCuerpoAcademico -->
</testng-results>
