<?xml version="1.0" encoding="UTF-8"?>
<testng-results skipped="0" failed="0" total="1" passed="1">
  <reporter-output>
  </reporter-output>
  <suite name="SistemaCuerpoAcademico" duration-ms="1892" started-at="2021-04-19T22:48:42Z" finished-at="2021-04-19T22:48:44Z">
    <groups>
    </groups>
    <test name="businessLogic.AgreementDAOTest" duration-ms="1892" started-at="2021-04-19T22:48:42Z" finished-at="2021-04-19T22:48:44Z">
      <class name="businessLogic.AgreementDAOTest">
        <test-method status="PASS" signature="testSaveAgreement()[pri:0, instance:testSaveAgreement(businessLogic.AgreementDAOTest)]" name="testSaveAgreement" duration-ms="1659" started-at="2021-04-19T17:48:42Z" finished-at="2021-04-19T17:48:44Z">
          <reporter-output>
          </reporter-output>
        </test-method> <!-- testSaveAgreement -->
      </class> <!-- businessLogic.AgreementDAOTest -->
    </test> <!-- businessLogic.AgreementDAOTest -->
  </suite> <!-- SistemaCuerpoAcademico -->
</testng-results>
