<?xml version="1.0" encoding="UTF-8"?>
<testng-results skipped="0" failed="0" total="1" passed="1">
  <reporter-output>
  </reporter-output>
  <suite name="SistemaCuerpoAcademico" duration-ms="1234" started-at="2021-04-16T16:40:07Z" finished-at="2021-04-16T16:40:09Z">
    <groups>
    </groups>
    <test name="businessLogic.MeetingDAOTest" duration-ms="1234" started-at="2021-04-16T16:40:07Z" finished-at="2021-04-16T16:40:09Z">
      <class name="businessLogic.MeetingDAOTest">
        <test-method status="PASS" signature="testUpdate()[pri:0, instance:testUpdate(businessLogic.MeetingDAOTest)]" name="testUpdate" duration-ms="1057" started-at="2021-04-16T11:40:08Z" finished-at="2021-04-16T11:40:09Z">
          <reporter-output>
          </reporter-output>
        </test-method> <!-- testUpdate -->
      </class> <!-- businessLogic.MeetingDAOTest -->
    </test> <!-- businessLogic.MeetingDAOTest -->
  </suite> <!-- SistemaCuerpoAcademico -->
</testng-results>
