<?xml version="1.0" encoding="UTF-8"?>
<testng-results skipped="0" failed="0" total="1" passed="1">
  <reporter-output>
  </reporter-output>
  <suite name="SistemaCuerpoAcademico" duration-ms="2896" started-at="2021-04-26T23:15:35Z" finished-at="2021-04-26T23:15:38Z">
    <groups>
    </groups>
    <test name="dataaccess.ConnectorTest" duration-ms="2896" started-at="2021-04-26T23:15:35Z" finished-at="2021-04-26T23:15:38Z">
      <class name="dataaccess.ConnectorTest">
        <test-method status="PASS" signature="testDataBaseConnection()[pri:0, instance:testDataBaseConnection(dataaccess.ConnectorTest)]" name="testDataBaseConnection" duration-ms="2558" started-at="2021-04-26T18:15:36Z" finished-at="2021-04-26T18:15:38Z">
          <reporter-output>
          </reporter-output>
        </test-method> <!-- testDataBaseConnection -->
      </class> <!-- dataaccess.ConnectorTest -->
    </test> <!-- dataaccess.ConnectorTest -->
  </suite> <!-- SistemaCuerpoAcademico -->
</testng-results>
