<?xml version="1.0" encoding="UTF-8"?>
<testng-results skipped="0" failed="0" total="1" passed="1">
  <reporter-output>
  </reporter-output>
  <suite name="SistemaCuerpoAcademico" duration-ms="1436" started-at="2021-06-17T03:01:03Z" finished-at="2021-06-17T03:01:04Z">
    <groups>
    </groups>
    <test name="businessLogic.LoginCredentialDAOTest" duration-ms="1436" started-at="2021-06-17T03:01:03Z" finished-at="2021-06-17T03:01:04Z">
      <class name="businessLogic.LoginCredentialDAOTest">
        <test-method status="PASS" signature="testSearchLoginCredential()[pri:0, instance:testSearchLoginCredential(businessLogic.LoginCredentialDAOTest)]" name="testSearchLoginCredential" duration-ms="1234" started-at="2021-06-16T22:01:03Z" finished-at="2021-06-16T22:01:04Z">
          <reporter-output>
          </reporter-output>
        </test-method> <!-- testSearchLoginCredential -->
      </class> <!-- businessLogic.LoginCredentialDAOTest -->
    </test> <!-- businessLogic.LoginCredentialDAOTest -->
  </suite> <!-- SistemaCuerpoAcademico -->
</testng-results>
