<?xml version="1.0" encoding="UTF-8"?>
<testng-results skipped="0" failed="0" total="1" passed="1">
  <reporter-output>
  </reporter-output>
  <suite name="SistemaCuerpoAcademico" duration-ms="2882" started-at="2021-04-16T19:21:27Z" finished-at="2021-04-16T19:21:30Z">
    <groups>
    </groups>
    <test name="businessLogic.MemberDAOTest" duration-ms="2882" started-at="2021-04-16T19:21:27Z" finished-at="2021-04-16T19:21:30Z">
      <class name="businessLogic.MemberDAOTest">
        <test-method status="PASS" signature="testGetMemberByLicense()[pri:0, instance:testGetMemberByLicense(businessLogic.MemberDAOTest)]" name="testGetMemberByLicense" duration-ms="2489" started-at="2021-04-16T14:21:27Z" finished-at="2021-04-16T14:21:30Z">
          <reporter-output>
          </reporter-output>
        </test-method> <!-- testGetMemberByLicense -->
      </class> <!-- businessLogic.MemberDAOTest -->
    </test> <!-- businessLogic.MemberDAOTest -->
  </suite> <!-- SistemaCuerpoAcademico -->
</testng-results>
