<?xml version="1.0" encoding="UTF-8"?>
<testng-results skipped="0" failed="0" total="1" passed="1">
  <reporter-output>
  </reporter-output>
  <suite name="SistemaCuerpoAcademico" duration-ms="1313" started-at="2021-05-05T19:39:49Z" finished-at="2021-05-05T19:39:50Z">
    <groups>
    </groups>
    <test name="businessLogic.MemberDAOTest" duration-ms="1313" started-at="2021-05-05T19:39:49Z" finished-at="2021-05-05T19:39:50Z">
      <class name="businessLogic.MemberDAOTest">
        <test-method status="PASS" signature="testSaveMember()[pri:0, instance:testSaveMember(businessLogic.MemberDAOTest)]" name="testSaveMember" duration-ms="1133" started-at="2021-05-05T14:39:49Z" finished-at="2021-05-05T14:39:50Z">
          <reporter-output>
          </reporter-output>
        </test-method> <!-- testSaveMember -->
      </class> <!-- businessLogic.MemberDAOTest -->
    </test> <!-- businessLogic.MemberDAOTest -->
  </suite> <!-- SistemaCuerpoAcademico -->
</testng-results>
