<?xml version="1.0" encoding="UTF-8"?>
<testng-results skipped="0" failed="0" total="1" passed="1">
  <reporter-output>
  </reporter-output>
  <suite name="SistemaCuerpoAcademico" duration-ms="1294" started-at="2021-06-14T06:05:41Z" finished-at="2021-06-14T06:05:42Z">
    <groups>
    </groups>
    <test name="businessLogic.ProjectDaoTest" duration-ms="1294" started-at="2021-06-14T06:05:41Z" finished-at="2021-06-14T06:05:42Z">
      <class name="businessLogic.ProjectDaoTest">
        <test-method status="PASS" signature="testAddReceptionWork()[pri:0, instance:testAddReceptionWork(businessLogic.ProjectDaoTest)]" name="testAddReceptionWork" duration-ms="1075" started-at="2021-06-14T01:05:41Z" finished-at="2021-06-14T01:05:42Z">
          <reporter-output>
          </reporter-output>
        </test-method> <!-- testAddReceptionWork -->
      </class> <!-- businessLogic.ProjectDaoTest -->
    </test> <!-- businessLogic.ProjectDaoTest -->
  </suite> <!-- SistemaCuerpoAcademico -->
</testng-results>
