<?xml version="1.0" encoding="UTF-8"?>
<testng-results skipped="0" failed="0" total="1" passed="1">
  <reporter-output>
  </reporter-output>
  <suite name="SistemaCuerpoAcademico" duration-ms="1228" started-at="2021-04-30T03:24:49Z" finished-at="2021-04-30T03:24:50Z">
    <groups>
    </groups>
    <test name="businessLogic.PreliminarProjectDAOTest" duration-ms="1228" started-at="2021-04-30T03:24:49Z" finished-at="2021-04-30T03:24:50Z">
      <class name="businessLogic.PreliminarProjectDAOTest">
        <test-method status="PASS" signature="testDeleteStudents()[pri:0, instance:testDeleteStudents(businessLogic.PreliminarProjectDAOTest)]" name="testDeleteStudents" duration-ms="1106" started-at="2021-04-29T22:24:49Z" finished-at="2021-04-29T22:24:50Z">
          <reporter-output>
          </reporter-output>
        </test-method> <!-- testDeleteStudents -->
      </class> <!-- businessLogic.PreliminarProjectDAOTest -->
    </test> <!-- businessLogic.PreliminarProjectDAOTest -->
  </suite> <!-- SistemaCuerpoAcademico -->
</testng-results>
