<?xml version="1.0" encoding="UTF-8"?>
<testng-results skipped="0" failed="0" total="2" passed="2">
  <reporter-output>
  </reporter-output>
  <suite name="SistemaCuerpoAcademico" duration-ms="2424" started-at="2021-04-27T00:09:17Z" finished-at="2021-04-27T00:09:19Z">
    <groups>
    </groups>
    <test name="dataaccess.ConnectorTest" duration-ms="2424" started-at="2021-04-27T00:09:17Z" finished-at="2021-04-27T00:09:19Z">
      <class name="dataaccess.ConnectorTest">
        <test-method status="PASS" signature="testDisconnect()[pri:0, instance:testDisconnect(dataaccess.ConnectorTest)]" name="testDisconnect" duration-ms="44" started-at="2021-04-26T19:09:17Z" finished-at="2021-04-26T19:09:17Z">
          <reporter-output>
          </reporter-output>
        </test-method> <!-- testDisconnect -->
        <test-method status="PASS" signature="testConnect()[pri:0, instance:testConnect(dataaccess.ConnectorTest)]" name="testConnect" duration-ms="1918" started-at="2021-04-26T19:09:17Z" finished-at="2021-04-26T19:09:19Z">
          <reporter-output>
          </reporter-output>
        </test-method> <!-- testConnect -->
      </class> <!-- dataaccess.ConnectorTest -->
    </test> <!-- dataaccess.ConnectorTest -->
  </suite> <!-- SistemaCuerpoAcademico -->
</testng-results>
