<?xml version="1.0" encoding="UTF-8"?>
<testng-results skipped="0" failed="0" total="1" passed="1">
  <reporter-output>
  </reporter-output>
  <suite name="SistemaCuerpoAcademico" duration-ms="1114" started-at="2021-04-22T03:40:32Z" finished-at="2021-04-22T03:40:33Z">
    <groups>
    </groups>
    <test name="businessLogic.ReceptionWorkDAOTest" duration-ms="1114" started-at="2021-04-22T03:40:32Z" finished-at="2021-04-22T03:40:33Z">
      <class name="businessLogic.ReceptionWorkDAOTest">
        <test-method status="PASS" signature="testGetReceptionWorkById()[pri:0, instance:testGetReceptionWorkById(businessLogic.ReceptionWorkDAOTest)]" name="testGetReceptionWorkById" duration-ms="973" started-at="2021-04-21T22:40:32Z" finished-at="2021-04-21T22:40:33Z">
          <reporter-output>
          </reporter-output>
        </test-method> <!-- testGetReceptionWorkById -->
      </class> <!-- businessLogic.ReceptionWorkDAOTest -->
    </test> <!-- businessLogic.ReceptionWorkDAOTest -->
  </suite> <!-- SistemaCuerpoAcademico -->
</testng-results>
