<?xml version="1.0" encoding="UTF-8"?>
<testng-results skipped="0" failed="0" total="1" passed="1">
  <reporter-output>
  </reporter-output>
  <suite name="SistemaCuerpoAcademico" duration-ms="2400" started-at="2021-04-09T19:02:56Z" finished-at="2021-04-09T19:02:58Z">
    <groups>
    </groups>
    <test name="businessLogic.MinuteDAOTest" duration-ms="2400" started-at="2021-04-09T19:02:56Z" finished-at="2021-04-09T19:02:58Z">
      <class name="businessLogic.MinuteDAOTest">
        <test-method status="PASS" signature="testGetMinutesComments()[pri:0, instance:testGetMinutesComments(businessLogic.MinuteDAOTest)]" name="testGetMinutesComments" duration-ms="2014" started-at="2021-04-09T14:02:56Z" finished-at="2021-04-09T14:02:58Z">
          <reporter-output>
          </reporter-output>
        </test-method> <!-- testGetMinutesComments -->
      </class> <!-- businessLogic.MinuteDAOTest -->
    </test> <!-- businessLogic.MinuteDAOTest -->
  </suite> <!-- SistemaCuerpoAcademico -->
</testng-results>
